<?xml version="1.0" encoding="UTF-8"?>
<testng-results ignored="0" total="6" passed="6" failed="0" skipped="0">
  <reporter-output>
  </reporter-output>
  <suite started-at="2020-09-19T10:29:11Z" name="inetBankingV1" finished-at="2020-09-19T10:31:18Z" duration-ms="126832">
    <groups>
    </groups>
    <test started-at="2020-09-19T10:29:11Z" name="BankingApp Test" finished-at="2020-09-19T10:31:18Z" duration-ms="126832">
      <class name="com.inetBanking.testCases.TC_EditCustomer_004">
        <test-method is-config="true" signature="setup(java.lang.String)[pri:0, instance:com.inetBanking.testCases.TC_EditCustomer_004@df27fae]" started-at="2020-09-19T10:31:02Z" name="setup" finished-at="2020-09-19T10:31:12Z" duration-ms="10071" status="PASS">
          <params>
            <param index="0">
              <value>
                <![CDATA[chrome]]>
              </value>
            </param>
          </params>
          <reporter-output>
          </reporter-output>
        </test-method> <!-- setup -->
        <test-method signature="newTest()[pri:0, instance:com.inetBanking.testCases.TC_EditCustomer_004@df27fae]" started-at="2020-09-19T10:31:12Z" name="newTest" finished-at="2020-09-19T10:31:12Z" duration-ms="0" status="PASS">
          <reporter-output>
          </reporter-output>
        </test-method> <!-- newTest -->
        <test-method is-config="true" signature="tearDown()[pri:0, instance:com.inetBanking.testCases.TC_EditCustomer_004@df27fae]" started-at="2020-09-19T10:31:12Z" name="tearDown" finished-at="2020-09-19T10:31:18Z" duration-ms="5755" status="PASS">
          <reporter-output>
          </reporter-output>
        </test-method> <!-- tearDown -->
      </class> <!-- com.inetBanking.testCases.TC_EditCustomer_004 -->
      <class name="com.inetBanking.testCases.TC_LoginTest_001">
        <test-method is-config="true" signature="setup(java.lang.String)[pri:0, instance:com.inetBanking.testCases.TC_LoginTest_001@2641e737]" started-at="2020-09-19T10:29:12Z" name="setup" finished-at="2020-09-19T10:29:23Z" duration-ms="11343" status="PASS">
          <params>
            <param index="0">
              <value>
                <![CDATA[chrome]]>
              </value>
            </param>
          </params>
          <reporter-output>
          </reporter-output>
        </test-method> <!-- setup -->
        <test-method signature="loginTest()[pri:0, instance:com.inetBanking.testCases.TC_LoginTest_001@2641e737]" started-at="2020-09-19T10:29:23Z" name="loginTest" finished-at="2020-09-19T10:29:31Z" duration-ms="7998" status="PASS">
          <reporter-output>
          </reporter-output>
        </test-method> <!-- loginTest -->
        <test-method is-config="true" signature="tearDown()[pri:0, instance:com.inetBanking.testCases.TC_LoginTest_001@2641e737]" started-at="2020-09-19T10:29:31Z" name="tearDown" finished-at="2020-09-19T10:29:37Z" duration-ms="5723" status="PASS">
          <reporter-output>
          </reporter-output>
        </test-method> <!-- tearDown -->
      </class> <!-- com.inetBanking.testCases.TC_LoginTest_001 -->
      <class name="com.inetBanking.testCases.TC_AddCustomerTest_003">
        <test-method is-config="true" signature="setup(java.lang.String)[pri:0, instance:com.inetBanking.testCases.TC_AddCustomerTest_003@704921a5]" started-at="2020-09-19T10:30:27Z" name="setup" finished-at="2020-09-19T10:30:37Z" duration-ms="9322" status="PASS">
          <params>
            <param index="0">
              <value>
                <![CDATA[chrome]]>
              </value>
            </param>
          </params>
          <reporter-output>
          </reporter-output>
        </test-method> <!-- setup -->
        <test-method signature="addNewCustomer()[pri:0, instance:com.inetBanking.testCases.TC_AddCustomerTest_003@704921a5]" started-at="2020-09-19T10:30:37Z" name="addNewCustomer" finished-at="2020-09-19T10:30:57Z" duration-ms="19851" status="PASS">
          <reporter-output>
          </reporter-output>
        </test-method> <!-- addNewCustomer -->
        <test-method is-config="true" signature="tearDown()[pri:0, instance:com.inetBanking.testCases.TC_AddCustomerTest_003@704921a5]" started-at="2020-09-19T10:30:57Z" name="tearDown" finished-at="2020-09-19T10:31:02Z" duration-ms="5746" status="PASS">
          <reporter-output>
          </reporter-output>
        </test-method> <!-- tearDown -->
      </class> <!-- com.inetBanking.testCases.TC_AddCustomerTest_003 -->
      <class name="com.inetBanking.testCases.TC_LoginDDT_002">
        <test-method is-config="true" signature="setup(java.lang.String)[pri:0, instance:com.inetBanking.testCases.TC_LoginDDT_002@727803de]" started-at="2020-09-19T10:29:37Z" name="setup" finished-at="2020-09-19T10:29:47Z" duration-ms="10443" status="PASS">
          <params>
            <param index="0">
              <value>
                <![CDATA[chrome]]>
              </value>
            </param>
          </params>
          <reporter-output>
          </reporter-output>
        </test-method> <!-- setup -->
        <test-method signature="loginDDT(java.lang.String, java.lang.String)[pri:0, instance:com.inetBanking.testCases.TC_LoginDDT_002@727803de]" started-at="2020-09-19T10:29:49Z" name="loginDDT" data-provider="LoginData" finished-at="2020-09-19T10:30:00Z" duration-ms="11781" status="PASS">
          <params>
            <param index="0">
              <value>
                <![CDATA[mngr284542]]>
              </value>
            </param>
            <param index="1">
              <value>
                <![CDATA[anutAsa]]>
              </value>
            </param>
          </params>
          <reporter-output>
          </reporter-output>
        </test-method> <!-- loginDDT -->
        <test-method signature="loginDDT(java.lang.String, java.lang.String)[pri:0, instance:com.inetBanking.testCases.TC_LoginDDT_002@727803de]" started-at="2020-09-19T10:30:00Z" name="loginDDT" data-provider="LoginData" finished-at="2020-09-19T10:30:11Z" duration-ms="10489" status="PASS">
          <params>
            <param index="0">
              <value>
                <![CDATA[mngr284777]]>
              </value>
            </param>
            <param index="1">
              <value>
                <![CDATA[bUjedAs]]>
              </value>
            </param>
          </params>
          <reporter-output>
          </reporter-output>
        </test-method> <!-- loginDDT -->
        <test-method signature="loginDDT(java.lang.String, java.lang.String)[pri:0, instance:com.inetBanking.testCases.TC_LoginDDT_002@727803de]" started-at="2020-09-19T10:30:11Z" name="loginDDT" data-provider="LoginData" finished-at="2020-09-19T10:30:22Z" duration-ms="10804" status="PASS">
          <params>
            <param index="0">
              <value>
                <![CDATA[mngr284820]]>
              </value>
            </param>
            <param index="1">
              <value>
                <![CDATA[EpAqupA]]>
              </value>
            </param>
          </params>
          <reporter-output>
          </reporter-output>
        </test-method> <!-- loginDDT -->
        <test-method is-config="true" signature="tearDown()[pri:0, instance:com.inetBanking.testCases.TC_LoginDDT_002@727803de]" started-at="2020-09-19T10:30:22Z" name="tearDown" finished-at="2020-09-19T10:30:27Z" duration-ms="5730" status="PASS">
          <reporter-output>
          </reporter-output>
        </test-method> <!-- tearDown -->
      </class> <!-- com.inetBanking.testCases.TC_LoginDDT_002 -->
    </test> <!-- BankingApp Test -->
  </suite> <!-- inetBankingV1 -->
</testng-results>
