<?xml version="1.0" encoding="UTF-8"?>
<!-- Generated by org.testng.reporters.JUnitReportReporter -->
<testsuite hostname="DIYA" failures="0" tests="3" name="com.inetBanking.testCases.TC_LoginDDT_002" time="36.645" errors="0" timestamp="18 Sep 2020 14:52:59 GMT" skipped="0">
  <testcase classname="com.inetBanking.testCases.TC_LoginDDT_002" name="loginDDT" time="12.337"/>
  <testcase classname="com.inetBanking.testCases.TC_LoginDDT_002" name="loginDDT" time="13.065"/>
  <testcase classname="com.inetBanking.testCases.TC_LoginDDT_002" name="loginDDT" time="11.243"/>
</testsuite> <!-- com.inetBanking.testCases.TC_LoginDDT_002 -->
