<?xml version="1.0" encoding="UTF-8"?>
<!-- Generated by org.testng.reporters.JUnitReportReporter -->
<testsuite hostname="DIYA" failures="0" tests="3" name="com.inetBanking.testCases.TC_LoginDDT_002" time="36.406" errors="0" timestamp="23 Sep 2020 14:28:16 GMT" skipped="0">
  <testcase classname="com.inetBanking.testCases.TC_LoginDDT_002" name="loginDDT" time="13.137"/>
  <testcase classname="com.inetBanking.testCases.TC_LoginDDT_002" name="loginDDT" time="11.830"/>
  <testcase classname="com.inetBanking.testCases.TC_LoginDDT_002" name="loginDDT" time="11.439"/>
</testsuite> <!-- com.inetBanking.testCases.TC_LoginDDT_002 -->
